c:\programy\c++\projekty\itprojectrefactored\itprojectrefactored\x64\debug\vc142.pdb
c:\programy\c++\projekty\itprojectrefactored\itprojectrefactored\x64\debug\vc142.idb
c:\programy\c++\projekty\itprojectrefactored\itprojectrefactored\x64\debug\source.obj
c:\programy\c++\projekty\itprojectrefactored\itprojectrefactored\x64\debug\vcpkg.applocal.log
c:\programy\c++\projekty\itprojectrefactored\x64\debug\sfml-graphics-d-2.dll
c:\programy\c++\projekty\itprojectrefactored\x64\debug\sfml-window-d-2.dll
c:\programy\c++\projekty\itprojectrefactored\x64\debug\sfml-system-d-2.dll
c:\programy\c++\projekty\itprojectrefactored\x64\debug\freetyped.dll
c:\programy\c++\projekty\itprojectrefactored\x64\debug\zlibd1.dll
c:\programy\c++\projekty\itprojectrefactored\x64\debug\bz2d.dll
c:\programy\c++\projekty\itprojectrefactored\x64\debug\libpng16d.dll
c:\programy\c++\projekty\itprojectrefactored\x64\debug\brotlidec.dll
c:\programy\c++\projekty\itprojectrefactored\x64\debug\brotlicommon.dll
c:\programy\c++\projekty\itprojectrefactored\x64\debug\itprojectrefactored.exe
c:\programy\c++\projekty\itprojectrefactored\x64\debug\itprojectrefactored.ilk
c:\programy\c++\projekty\itprojectrefactored\x64\debug\itprojectrefactored.pdb
c:\programy\c++\projekty\itprojectrefactored\itprojectrefactored\x64\debug\itprojec.dfe60edd.tlog\cl.command.1.tlog
c:\programy\c++\projekty\itprojectrefactored\itprojectrefactored\x64\debug\itprojec.dfe60edd.tlog\cl.read.1.tlog
c:\programy\c++\projekty\itprojectrefactored\itprojectrefactored\x64\debug\itprojec.dfe60edd.tlog\cl.write.1.tlog
c:\programy\c++\projekty\itprojectrefactored\itprojectrefactored\x64\debug\itprojec.dfe60edd.tlog\itprojectrefactored.write.1u.tlog
c:\programy\c++\projekty\itprojectrefactored\itprojectrefactored\x64\debug\itprojec.dfe60edd.tlog\link.command.1.tlog
c:\programy\c++\projekty\itprojectrefactored\itprojectrefactored\x64\debug\itprojec.dfe60edd.tlog\link.read.1.tlog
c:\programy\c++\projekty\itprojectrefactored\itprojectrefactored\x64\debug\itprojec.dfe60edd.tlog\link.write.1.tlog
